TIME
13
VALUE
7150.0
TEMA400
7152.1
TEMA100
7152.7
BB
0.42
COUNTER
0
BUY
None
SELL
None
TIME
13
VALUE
7150.0
TEMA400
7152.0
TEMA100
7152.4
BB
0.42
COUNTER
0
BUY
None
SELL
True
TIME
13
VALUE
7148.5
TEMA400
7152.0
TEMA100
7152.3
BB
0.37
COUNTER
0
BUY
None
SELL
True
TIME
13
VALUE
7151.5
TEMA400
7151.8
TEMA100
7152.0
BB
0.51
COUNTER
0
BUY
None
SELL
True
TIME
13
VALUE
7152.0
TEMA400
7151.8
TEMA100
7152.0
BB
0.53
COUNTER
0
BUY
None
SELL
True
TIME
13
VALUE
7152.0
TEMA400
7151.7
TEMA100
7151.6
BB
0.59
COUNTER
0
BUY
None
SELL
True
TIME
13
VALUE
7151.5
TEMA400
7151.7
TEMA100
7151.6
BB
0.57
COUNTER
0
BUY
True
SELL
True
TIME
13
VALUE
7151.5
TEMA400
7151.6
TEMA100
7151.3
BB
0.64
COUNTER
0
BUY
True
SELL
True
TIME
13
VALUE
7151.5
TEMA400
7151.5
TEMA100
7151.1
BB
0.66
COUNTER
0
BUY
True
SELL
True
TIME
13
VALUE
7151.5
TEMA400
7151.5
TEMA100
7151.0
BB
0.68
COUNTER
0
BUY
True
SELL
True
TIME
13
VALUE
7151.5
TEMA400
7151.4
TEMA100
7150.8
BB
0.7
COUNTER
0
BUY
True
SELL
True
TIME
13
VALUE
7151.5
TEMA400
7151.4
TEMA100
7150.8
BB
0.7
COUNTER
0
BUY
True
SELL
True
TIME
13
VALUE
7152.0
TEMA400
7151.3
TEMA100
7150.6
BB
0.7
COUNTER
0
BUY
True
SELL
True
TIME
13
VALUE
7148.5
TEMA400
7151.1
TEMA100
7150.1
BB
0.36
COUNTER
0
BUY
True
SELL
True
TIME
13
VALUE
7145.0
TEMA400
7150.9
TEMA100
7149.4
BB
-0.03
COUNTER
0
BUY
True
SELL
True
TIME
13
VALUE
7145.0
TEMA400
7150.9
TEMA100
7149.4
BB
-0.03
COUNTER
1
BUY
True
SELL
True
TIME
13
VALUE
7145.0
TEMA400
7150.8
TEMA100
7149.0
BB
0.03
COUNTER
2
BUY
True
SELL
True
TIME
13
VALUE
7144.5
TEMA400
7150.4
TEMA100
7148.1
BB
0.08
COUNTER
2
BUY
True
SELL
True
TIME
13
VALUE
7139.5
TEMA400
7150.1
TEMA100
7147.1
BB
-0.08
COUNTER
2
BUY
True
SELL
True
TIME
13
VALUE
7144.0
TEMA400
7150.0
TEMA100
7147.0
BB
0.2
COUNTER
3
BUY
True
SELL
True
TIME
13
VALUE
7139.5
TEMA400
7149.8
TEMA100
7146.1
BB
0.02
COUNTER
3
BUY
True
SELL
True
TIME
13
VALUE
7139.0
TEMA400
7149.5
TEMA100
7145.4
BB
0.07
COUNTER
3
BUY
True
SELL
True
TIME
13
VALUE
7127.0
TEMA400
7149.0
TEMA100
7143.4
BB
-0.11
COUNTER
3
BUY
True
SELL
True
TIME
13
VALUE
7127.0
TEMA400
7148.6
TEMA100
7142.2
BB
-0.01
COUNTER
4
BUY
True
SELL
True
TIME
13
VALUE
7130.5
TEMA400
7148.3
TEMA100
7141.4
BB
0.12
COUNTER
5
BUY
True
SELL
True
TIME
13
VALUE
7132.0
TEMA400
7148.3
TEMA100
7141.5
BB
0.16
COUNTER
5
BUY
True
SELL
True
TIME
13
VALUE
7131.0
TEMA400
7147.6
TEMA100
7139.7
BB
0.2
COUNTER
5
BUY
True
SELL
True
TIME
13
VALUE
7122.5
TEMA400
7147.0
TEMA100
7137.8
BB
0.04
COUNTER
5
BUY
True
SELL
True
TIME
13
VALUE
7105.5
TEMA400
7146.1
TEMA100
7134.6
BB
-0.07
COUNTER
5
BUY
True
SELL
True
TIME
13
VALUE
7113.0
TEMA400
7145.6
TEMA100
7133.4
BB
0.09
COUNTER
6
BUY
True
SELL
True
TIME
13
VALUE
7119.0
TEMA400
7145.2
TEMA100
7132.4
BB
0.22
COUNTER
6
BUY
True
SELL
True
TIME
13
VALUE
7117.0
TEMA400
7144.7
TEMA100
7130.9
BB
0.21
COUNTER
6
BUY
True
SELL
True
TIME
13
VALUE
7119.5
TEMA400
7144.2
TEMA100
7129.9
BB
0.28
COUNTER
6
BUY
True
SELL
True
TIME
13
VALUE
7117.0
TEMA400
7143.7
TEMA100
7128.6
BB
0.26
COUNTER
6
BUY
True
SELL
True
TIME
13
VALUE
7112.5
TEMA400
7143.1
TEMA100
7126.9
BB
0.2
COUNTER
6
BUY
True
SELL
True
TIME
13
VALUE
7120.0
TEMA400
7143.2
TEMA100
7127.3
BB
0.35
COUNTER
6
BUY
True
SELL
True
TIME
13
VALUE
7123.0
TEMA400
7142.4
TEMA100
7125.9
BB
0.45
COUNTER
6
BUY
True
SELL
True
TIME
13
VALUE
7106.5
TEMA400
7141.6
TEMA100
7123.2
BB
0.13
COUNTER
6
BUY
True
SELL
True
TIME
13
VALUE
7110.0
TEMA400
7141.0
TEMA100
7122.1
BB
0.22
COUNTER
6
BUY
True
SELL
True
TIME
13
VALUE
7112.5
TEMA400
7141.1
TEMA100
7122.3
BB
0.28
COUNTER
6
BUY
True
SELL
True
TIME
13
VALUE
7109.0
TEMA400
7139.9
TEMA100
7119.6
BB
0.22
COUNTER
6
BUY
True
SELL
True
TIME
13
VALUE
7103.5
TEMA400
7139.8
TEMA100
7119.3
BB
0.08
COUNTER
6
BUY
True
SELL
True
TIME
13
VALUE
7093.5
TEMA400
7138.2
TEMA100
7115.1
BB
0.01
COUNTER
6
BUY
True
SELL
True
TIME
14
VALUE
7105.0
TEMA400
7138.4
TEMA100
7115.8
BB
0.25
COUNTER
6
BUY
True
SELL
True
TIME
14
VALUE
7096.0
TEMA400
7136.9
TEMA100
7112.2
BB
0.1
COUNTER
6
BUY
True
SELL
True
TIME
14
VALUE
7096.0
TEMA400
7136.2
TEMA100
7110.6
BB
0.12
COUNTER
6
BUY
True
SELL
True
TIME
14
VALUE
7089.5
TEMA400
7135.3
TEMA100
7108.3
BB
0.05
COUNTER
6
BUY
True
SELL
True
TIME
14
VALUE
7065.5
TEMA400
7133.8
TEMA100
7103.7
BB
-0.12
COUNTER
6
BUY
True
SELL
True
TIME
14
VALUE
7069.5
TEMA400
7132.8
TEMA100
7101.1
BB
0.01
COUNTER
7
BUY
True
SELL
True
TIME
14
VALUE
7074.0
TEMA400
7131.8
TEMA100
7098.9
BB
0.12
COUNTER
7
BUY
True
SELL
True
TIME
14
VALUE
7071.0
TEMA400
7130.7
TEMA100
7096.2
BB
0.13
COUNTER
7
BUY
True
SELL
True
TIME
14
VALUE
7078.0
TEMA400
7129.9
TEMA100
7094.5
BB
0.24
COUNTER
7
BUY
True
SELL
True
TIME
14
VALUE
7072.5
TEMA400
7128.8
TEMA100
7091.9
BB
0.21
COUNTER
7
BUY
True
SELL
True
TIME
14
VALUE
7081.5
TEMA400
7128.1
TEMA100
7090.9
BB
0.34
COUNTER
7
BUY
True
SELL
True
TIME
14
VALUE
7077.5
TEMA400
7127.1
TEMA100
7088.8
BB
0.31
COUNTER
7
BUY
True
SELL
True
TIME
14
VALUE
7086.0
TEMA400
7126.4
TEMA100
7088.1
BB
0.45
COUNTER
7
BUY
True
SELL
True
TIME
14
VALUE
7087.0
TEMA400
7125.7
TEMA100
7087.1
BB
0.48
COUNTER
7
BUY
True
SELL
True
TIME
14
VALUE
7087.5
TEMA400
7125.0
TEMA100
7086.1
BB
0.51
COUNTER
7
BUY
True
SELL
True
TIME
14
VALUE
7083.0
TEMA400
7124.1
TEMA100
7084.6
BB
0.45
COUNTER
7
BUY
True
SELL
True
TIME
14
VALUE
7080.0
TEMA400
7123.2
TEMA100
7083.1
BB
0.41
COUNTER
7
BUY
True
SELL
True
TIME
14
VALUE
7081.5
TEMA400
7122.4
TEMA100
7082.1
BB
0.47
COUNTER
7
BUY
True
SELL
True
TIME
14
VALUE
7087.5
TEMA400
7122.5
TEMA100
7082.4
BB
0.61
COUNTER
7
BUY
True
SELL
True
TIME
14
VALUE
7085.0
TEMA400
7121.8
TEMA100
7081.5
BB
0.56
COUNTER
7
BUY
True
SELL
True
TIME
14
VALUE
7085.0
TEMA400
7120.3
TEMA100
7079.8
BB
0.63
COUNTER
7
BUY
True
SELL
True
TIME
14
VALUE
7085.5
TEMA400
7119.6
TEMA100
7079.1
BB
0.68
COUNTER
7
BUY
True
SELL
True
TIME
14
VALUE
7081.5
TEMA400
7119.6
TEMA100
7078.9
BB
0.54
COUNTER
7
BUY
True
SELL
True
TIME
14
VALUE
7082.5
TEMA400
7118.8
TEMA100
7078.0
BB
0.6
COUNTER
7
BUY
True
SELL
True
TIME
14
VALUE
7074.5
TEMA400
7117.1
TEMA100
7075.5
BB
0.21
COUNTER
7
BUY
True
SELL
True
TIME
14
VALUE
7079.5
TEMA400
7116.4
TEMA100
7074.9
BB
0.41
COUNTER
7
BUY
True
SELL
True
TIME
14
VALUE
7083.0
TEMA400
7115.8
TEMA100
7074.6
BB
0.56
COUNTER
7
BUY
True
SELL
True
TIME
14
VALUE
7083.0
TEMA400
7115.1
TEMA100
7074.0
BB
0.54
COUNTER
7
BUY
True
SELL
True
TIME
14
VALUE
7089.5
TEMA400
7114.6
TEMA100
7074.2
BB
0.88
COUNTER
7
BUY
True
SELL
True
TIME
14
VALUE
7087.0
TEMA400
7114.6
TEMA100
7074.0
BB
0.74
COUNTER
7
BUY
True
SELL
True
TIME
14
VALUE
7089.0
TEMA400
7113.4
TEMA100
7073.7
BB
0.81
COUNTER
7
BUY
True
SELL
True
TIME
14
VALUE
7091.5
TEMA400
7112.9
TEMA100
7073.9
BB
0.9
COUNTER
7
BUY
True
SELL
True
TIME
14
VALUE
7091.5
TEMA400
7112.4
TEMA100
7073.9
BB
0.86
COUNTER
7
BUY
True
SELL
True
TIME
14
VALUE
7092.0
TEMA400
7111.8
TEMA100
7074.0
BB
0.85
COUNTER
7
BUY
True
SELL
True
TIME
14
VALUE
7092.0
TEMA400
7111.8
TEMA100
7074.0
BB
0.85
COUNTER
7
BUY
True
SELL
True
TIME
14
VALUE
7091.5
TEMA400
7110.8
TEMA100
7074.2
BB
0.76
COUNTER
7
BUY
True
SELL
True
TIME
14
VALUE
7092.0
TEMA400
7110.3
TEMA100
7074.2
BB
0.74
COUNTER
7
BUY
True
SELL
True
TIME
14
VALUE
7091.5
TEMA400
7110.3
TEMA100
7074.2
BB
0.74
COUNTER
7
BUY
True
SELL
True
TIME
14
VALUE
7092.5
TEMA400
7109.3
TEMA100
7074.5
BB
0.75
COUNTER
7
BUY
True
SELL
True
TIME
14
VALUE
7092.5
TEMA400
7109.3
TEMA100
7074.5
BB
0.75
COUNTER
7
BUY
True
SELL
True
TIME
14
VALUE
7087.0
TEMA400
7108.2
TEMA100
7074.2
BB
0.47
COUNTER
7
BUY
True
SELL
True
TIME
14
VALUE
7083.0
TEMA400
7107.5
TEMA100
7073.6
BB
0.28
COUNTER
7
BUY
True
SELL
True
TIME
14
VALUE
7086.5
TEMA400
7107.6
TEMA100
7073.8
BB
0.44
COUNTER
7
BUY
True
SELL
True
TIME
14
VALUE
7086.5
TEMA400
7106.5
TEMA100
7073.6
BB
0.37
COUNTER
7
BUY
True
SELL
True
TIME
14
VALUE
7084.0
TEMA400
7106.5
TEMA100
7073.4
BB
0.22
COUNTER
7
BUY
True
SELL
True
TIME
14
VALUE
7089.0
TEMA400
7105.5
TEMA100
7073.6
BB
0.49
COUNTER
7
BUY
True
SELL
True
TIME
14
VALUE
7101.5
TEMA400
7105.4
TEMA100
7075.2
BB
1.08
COUNTER
7
BUY
True
SELL
True
TIME
14
VALUE
7103.5
TEMA400
7105.1
TEMA100
7076.1
BB
1.04
COUNTER
6
BUY
True
SELL
True
TIME
14
VALUE
7104.0
TEMA400
7104.9
TEMA100
7077.0
BB
0.98
COUNTER
5
BUY
True
SELL
True
TIME
14
VALUE
7109.0
TEMA400
7104.9
TEMA100
7077.3
BB
1.12
COUNTER
5
BUY
True
SELL
True
TIME
14
VALUE
7105.5
TEMA400
7104.5
TEMA100
7079.2
BB
0.87
COUNTER
4
BUY
True
SELL
True
TIME
14
VALUE
7106.0
TEMA400
7104.3
TEMA100
7080.1
BB
0.85
COUNTER
4
BUY
True
SELL
True
TIME
14
VALUE
7105.5
TEMA400
7104.0
TEMA100
7081.0
BB
0.8
COUNTER
4
BUY
True
SELL
True
TIME
14
VALUE
7109.0
TEMA400
7103.9
TEMA100
7082.2
BB
0.85
COUNTER
4
BUY
True
SELL
True
TIME
14
VALUE
7103.5
TEMA400
7103.8
TEMA100
7081.9
BB
0.71
COUNTER
4
BUY
True
SELL
True
TIME
14
VALUE
7110.0
TEMA400
7103.5
TEMA100
7083.9
BB
0.82
COUNTER
4
BUY
True
SELL
True
TIME
14
VALUE
7110.0
TEMA400
7103.5
TEMA100
7083.9
BB
0.82
COUNTER
4
BUY
True
SELL
True
TIME
14
VALUE
7110.0
TEMA400
7103.4
TEMA100
7084.9
BB
0.79
COUNTER
4
BUY
True
SELL
True
TIME
14
VALUE
7110.5
TEMA400
7103.1
TEMA100
7086.9
BB
0.73
COUNTER
4
BUY
True
SELL
True
TIME
14
VALUE
7110.0
TEMA400
7103.0
TEMA100
7087.9
BB
0.71
COUNTER
4
BUY
True
SELL
True
TIME
15
VALUE
7110.0
TEMA400
7103.0
TEMA100
7087.9
BB
0.71
COUNTER
4
BUY
True
SELL
True
TIME
15
VALUE
7105.0
TEMA400
7102.6
TEMA100
7089.0
BB
0.52
COUNTER
4
BUY
True
SELL
True
TIME
15
VALUE
7105.0
TEMA400
7102.6
TEMA100
7089.0
BB
0.54
COUNTER
4
BUY
True
SELL
True
TIME
15
VALUE
7106.0
TEMA400
7102.2
TEMA100
7090.2
BB
0.5
COUNTER
4
BUY
True
SELL
True
TIME
15
VALUE
7106.0
TEMA400
7102.2
TEMA100
7090.2
BB
0.5
COUNTER
4
BUY
True
SELL
True
TIME
15
VALUE
7106.0
TEMA400
7101.8
TEMA100
7091.4
BB
0.4
COUNTER
4
BUY
True
SELL
True
TIME
15
VALUE
7106.0
TEMA400
7101.6
TEMA100
7092.0
BB
0.38
COUNTER
4
BUY
True
SELL
True
TIME
15
VALUE
7104.0
TEMA400
7101.6
TEMA100
7091.9
BB
0.18
COUNTER
4
BUY
True
SELL
True
TIME
15
VALUE
7104.0
TEMA400
7101.2
TEMA100
7092.7
BB
0.21
COUNTER
4
BUY
True
SELL
True
TIME
15
VALUE
7101.0
TEMA400
7100.9
TEMA100
7092.8
BB
0.03
COUNTER
4
BUY
True
SELL
True
TIME
15
VALUE
7101.0
TEMA400
7100.7
TEMA100
7093.1
BB
0.08
COUNTER
4
BUY
True
SELL
True
TIME
15
VALUE
7116.0
TEMA400
7100.9
TEMA100
7095.0
BB
1.03
COUNTER
4
BUY
True
SELL
True
TIME
15
VALUE
7113.0
TEMA400
7100.8
TEMA100
7095.7
BB
0.85
COUNTER
3
BUY
True
SELL
True
TIME
15
VALUE
7117.0
TEMA400
7100.8
TEMA100
7095.9
BB
1.04
COUNTER
3
BUY
True
SELL
True
TIME
15
VALUE
7117.0
TEMA400
7100.8
TEMA100
7097.0
BB
0.97
COUNTER
2
BUY
True
SELL
True
TIME
15
VALUE
7116.5
TEMA400
7100.8
TEMA100
7098.9
BB
0.85
COUNTER
2
BUY
True
SELL
True
TIME
15
VALUE
7116.5
TEMA400
7100.8
TEMA100
7099.8
BB
0.83
COUNTER
2
BUY
True
SELL
True
TIME
15
VALUE
7114.0
TEMA400
7100.8
TEMA100
7099.7
BB
0.72
COUNTER
2
BUY
True
SELL
True
TIME
15
VALUE
7114.0
TEMA400
7100.8
TEMA100
7100.5
BB
0.71
COUNTER
2
BUY
True
SELL
True
TIME
15
VALUE
7114.0
TEMA400
7100.7
TEMA100
7101.2
BB
0.7
COUNTER
2
BUY
True
SELL
True
TIME
15
VALUE
7113.5
TEMA400
7100.6
TEMA100
7102.5
BB
0.65
COUNTER
2
BUY
True
SELL
True
TIME
15
VALUE
7112.5
TEMA400
7100.6
TEMA100
7103.0
BB
0.59
COUNTER
2
BUY
True
SELL
True
TIME
15
VALUE
7108.5
TEMA400
7100.4
TEMA100
7103.1
BB
0.41
COUNTER
2
BUY
True
SELL
True
TIME
15
VALUE
7108.5
TEMA400
7100.4
TEMA100
7103.1
BB
0.41
COUNTER
2
BUY
True
SELL
True
TIME
15
VALUE
7108.0
TEMA400
7100.2
TEMA100
7103.7
BB
0.37
COUNTER
2
BUY
True
SELL
True
TIME
15
VALUE
7114.0
TEMA400
7100.2
TEMA100
7104.7
BB
0.63
COUNTER
2
BUY
True
SELL
True
TIME
15
VALUE
7112.5
TEMA400
7100.2
TEMA100
7105.1
BB
0.54
COUNTER
2
BUY
True
SELL
True
TIME
15
VALUE
7112.0
TEMA400
7100.2
TEMA100
7105.1
BB
0.51
COUNTER
2
BUY
True
SELL
True
TIME
15
VALUE
7110.5
TEMA400
7100.0
TEMA100
7105.7
BB
0.37
COUNTER
2
BUY
True
SELL
True
TIME
15
VALUE
7108.0
TEMA400
7100.0
TEMA100
7105.6
BB
0.22
COUNTER
2
BUY
True
SELL
True
TIME
15
VALUE
7108.0
TEMA400
7099.8
TEMA100
7106.0
BB
0.16
COUNTER
2
BUY
True
SELL
True
TIME
15
VALUE
7108.0
TEMA400
7099.6
TEMA100
7106.2
BB
0.19
COUNTER
2
BUY
True
SELL
True
TIME
15
VALUE
7108.0
TEMA400
7099.6
TEMA100
7106.2
BB
0.19
COUNTER
0
BUY
False
SELL
True
TIME
15
VALUE
7108.0
TEMA400
7099.5
TEMA100
7106.6
BB
0.23
COUNTER
0
BUY
False
SELL
True
TIME
15
VALUE
7101.0
TEMA400
7099.1
TEMA100
7106.0
BB
-0.06
COUNTER
0
BUY
False
SELL
True
TIME
15
VALUE
7099.0
TEMA400
7098.9
TEMA100
7105.5
BB
-0.04
COUNTER
1
BUY
False
SELL
True
TIME
15
VALUE
7098.0
TEMA400
7098.9
TEMA100
7105.4
BB
-0.08
COUNTER
2
BUY
False
SELL
True
TIME
15
VALUE
7097.5
TEMA400
7098.4
TEMA100
7104.7
BB
0.05
COUNTER
3
BUY
False
SELL
True
TIME
15
VALUE
7097.5
TEMA400
7098.1
TEMA100
7104.3
BB
0.1
COUNTER
3
BUY
False
SELL
True
TIME
15
VALUE
7098.0
TEMA400
7098.2
TEMA100
7104.4
BB
0.12
COUNTER
3
BUY
False
SELL
True
TIME
15
VALUE
7098.0
TEMA400
7097.7
TEMA100
7103.7
BB
0.19
COUNTER
3
BUY
False
SELL
True
TIME
15
VALUE
7098.0
TEMA400
7097.7
TEMA100
7103.7
BB
0.19
COUNTER
3
BUY
False
SELL
True
TIME
15
VALUE
7098.0
TEMA400
7097.5
TEMA100
7103.4
BB
0.22
COUNTER
3
BUY
False
SELL
True
TIME
15
VALUE
7098.0
TEMA400
7097.2
TEMA100
7103.1
BB
0.25
COUNTER
3
BUY
False
SELL
True
TIME
15
VALUE
7107.5
TEMA400
7097.1
TEMA100
7103.7
BB
0.67
COUNTER
3
BUY
False
SELL
True
TIME
15
VALUE
7114.5
TEMA400
7097.2
TEMA100
7104.7
BB
0.92
COUNTER
3
BUY
False
SELL
True
TIME
15
VALUE
7114.0
TEMA400
7097.2
TEMA100
7104.7
BB
0.91
COUNTER
3
BUY
False
SELL
True
TIME
15
VALUE
7114.5
TEMA400
7097.3
TEMA100
7105.3
BB
0.91
COUNTER
3
BUY
False
SELL
True
TIME
15
VALUE
7114.5
TEMA400
7097.3
TEMA100
7105.9
BB
0.88
COUNTER
3
BUY
False
SELL
True
TIME
15
VALUE
7114.5
TEMA400
7097.3
TEMA100
7106.5
BB
0.85
COUNTER
3
BUY
False
SELL
True
TIME
15
VALUE
7114.0
TEMA400
7097.4
TEMA100
7107.6
BB
0.79
COUNTER
3
BUY
False
SELL
True
TIME
15
VALUE
7104.5
TEMA400
7097.1
TEMA100
7107.0
BB
0.49
COUNTER
3
BUY
False
SELL
True
TIME
15
VALUE
7105.0
TEMA400
7097.1
TEMA100
7107.0
BB
0.51
COUNTER
3
BUY
False
SELL
True
TIME
15
VALUE
7105.0
TEMA400
7096.9
TEMA100
7107.0
BB
0.51
COUNTER
3
BUY
False
SELL
True
TIME
15
VALUE
7105.0
TEMA400
7096.8
TEMA100
7107.0
BB
0.5
COUNTER
3
BUY
False
SELL
True
TIME
15
VALUE
7104.5
TEMA400
7096.7
TEMA100
7107.0
BB
0.47
COUNTER
3
BUY
False
SELL
True
TIME
15
VALUE
7105.0
TEMA400
7096.7
TEMA100
7107.0
BB
0.49
COUNTER
3
BUY
False
SELL
True
TIME
15
VALUE
7105.0
TEMA400
7096.6
TEMA100
7107.0
BB
0.47
COUNTER
3
BUY
False
SELL
True
TIME
15
VALUE
7104.5
TEMA400
7096.5
TEMA100
7106.9
BB
0.44
COUNTER
3
BUY
False
SELL
True
TIME
15
VALUE
7104.5
TEMA400
7096.3
TEMA100
7106.9
BB
0.4
COUNTER
3
BUY
False
SELL
True
TIME
16
VALUE
7104.0
TEMA400
7096.3
TEMA100
7106.8
BB
0.38
COUNTER
3
BUY
False
SELL
True
TIME
16
VALUE
7113.5
TEMA400
7096.4
TEMA100
7107.8
BB
0.76
COUNTER
3
BUY
False
SELL
True
TIME
16
VALUE
7109.5
TEMA400
7096.3
TEMA100
7107.8
BB
0.55
COUNTER
3
BUY
False
SELL
True
TIME
16
VALUE
7101.0
TEMA400
7096.2
TEMA100
7107.3
BB
0.11
COUNTER
3
BUY
False
SELL
True
TIME
16
VALUE
7101.0
TEMA400
7096.0
TEMA100
7107.0
BB
0.15
COUNTER
3
BUY
False
SELL
True
TIME
16
VALUE
7097.5
TEMA400
7095.6
TEMA100
7106.1
BB
0.09
COUNTER
3
BUY
False
SELL
True
TIME
16
VALUE
7097.5
TEMA400
7095.6
TEMA100
7106.1
BB
0.09
COUNTER
3
BUY
False
SELL
True
TIME
16
VALUE
7096.0
TEMA400
7095.2
TEMA100
7105.2
BB
0.11
COUNTER
3
BUY
False
SELL
True
TIME
16
VALUE
7095.5
TEMA400
7095.0
TEMA100
7104.7
BB
0.11
COUNTER
3
BUY
False
SELL
True
TIME
16
VALUE
7097.0
TEMA400
7095.0
TEMA100
7104.8
BB
0.18
COUNTER
3
BUY
False
SELL
True
TIME
16
VALUE
7096.5
TEMA400
7094.7
TEMA100
7104.0
BB
0.19
COUNTER
3
BUY
False
SELL
True
TIME
16
VALUE
7096.5
TEMA400
7094.7
TEMA100
7104.0
BB
0.19
COUNTER
3
BUY
False
SELL
True
TIME
16
VALUE
7102.5
TEMA400
7094.5
TEMA100
7104.0
BB
0.53
COUNTER
3
BUY
False
SELL
True
TIME
16
VALUE
7103.0
TEMA400
7094.4
TEMA100
7104.0
BB
0.56
COUNTER
3
BUY
False
SELL
True
TIME
16
VALUE
7103.0
TEMA400
7094.3
TEMA100
7104.0
BB
0.56
COUNTER
3
BUY
False
SELL
True
TIME
16
VALUE
7103.5
TEMA400
7094.3
TEMA100
7104.1
BB
0.59
COUNTER
3
BUY
False
SELL
True
TIME
16
VALUE
7104.0
TEMA400
7094.3
TEMA100
7104.2
BB
0.62
COUNTER
3
BUY
False
SELL
True
TIME
16
VALUE
7109.5
TEMA400
7094.3
TEMA100
7104.9
BB
0.86
COUNTER
3
BUY
False
SELL
True
TIME
16
VALUE
7109.5
TEMA400
7094.3
TEMA100
7105.2
BB
0.83
COUNTER
3
BUY
False
SELL
True
TIME
16
VALUE
7109.0
TEMA400
7094.3
TEMA100
7105.5
BB
0.79
COUNTER
3
BUY
False
SELL
True
TIME
16
VALUE
7109.0
TEMA400
7094.3
TEMA100
7105.8
BB
0.82
COUNTER
3
BUY
False
SELL
True
TIME
16
VALUE
7109.0
TEMA400
7094.3
TEMA100
7105.8
BB
0.82
COUNTER
3
BUY
False
SELL
True
TIME
16
VALUE
7111.5
TEMA400
7094.4
TEMA100
7106.6
BB
0.87
COUNTER
3
BUY
False
SELL
True
TIME
16
VALUE
7114.5
TEMA400
7094.6
TEMA100
7107.4
BB
0.91
COUNTER
3
BUY
False
SELL
True
TIME
16
VALUE
7115.0
TEMA400
7094.6
TEMA100
7107.4
BB
0.93
COUNTER
3
BUY
False
SELL
True
TIME
16
VALUE
7114.5
TEMA400
7094.7
TEMA100
7108.5
BB
0.83
COUNTER
3
BUY
False
SELL
True
TIME
16
VALUE
7115.0
TEMA400
7094.8
TEMA100
7109.0
BB
0.82
COUNTER
3
BUY
False
SELL
True
TIME
16
VALUE
7127.0
TEMA400
7095.3
TEMA100
7110.9
BB
1.04
COUNTER
3
BUY
False
SELL
True
TIME
16
VALUE
7128.5
TEMA400
7095.6
TEMA100
7112.2
BB
0.99
COUNTER
2
BUY
False
SELL
True
TIME
16
VALUE
7128.5
TEMA400
7095.6
TEMA100
7113.4
BB
0.94
COUNTER
2
BUY
False
SELL
True
TIME
16
VALUE
7128.0
TEMA400
7096.2
TEMA100
7114.4
BB
0.89
COUNTER
2
BUY
False
SELL
True
TIME
16
VALUE
7126.5
TEMA400
7096.2
TEMA100
7114.3
BB
0.86
COUNTER
2
BUY
False
SELL
True
TIME
16
VALUE
7127.0
TEMA400
7096.4
TEMA100
7115.3
BB
0.83
COUNTER
2
BUY
False
SELL
True
TIME
16
VALUE
7130.5
TEMA400
7096.8
TEMA100
7116.5
BB
0.88
COUNTER
2
BUY
False
SELL
True
TIME
16
VALUE
7126.5
TEMA400
7097.0
TEMA100
7117.3
BB
0.75
COUNTER
2
BUY
False
SELL
True
TIME
16
VALUE
7123.0
TEMA400
7097.4
TEMA100
7118.6
BB
0.62
COUNTER
2
BUY
False
SELL
True
TIME
16
VALUE
7123.5
TEMA400
7097.4
TEMA100
7118.6
BB
0.62
COUNTER
2
BUY
False
SELL
True
TIME
16
VALUE
7122.0
TEMA400
7097.8
TEMA100
7119.6
BB
0.55
COUNTER
2
BUY
False
SELL
True
TIME
16
VALUE
7125.5
TEMA400
7098.1
TEMA100
7120.4
BB
0.64
COUNTER
2
BUY
False
SELL
True
TIME
16
VALUE
7125.5
TEMA400
7098.1
TEMA100
7120.4
BB
0.64
COUNTER
2
BUY
False
SELL
True
TIME
16
VALUE
7125.5
TEMA400
7098.5
TEMA100
7121.7
BB
0.6
COUNTER
2
BUY
False
SELL
True
TIME
16
VALUE
7129.5
TEMA400
7098.9
TEMA100
7122.8
BB
0.75
COUNTER
2
BUY
False
SELL
True
TIME
16
VALUE
7127.0
TEMA400
7098.9
TEMA100
7122.6
BB
0.64
COUNTER
2
BUY
False
SELL
True
TIME
16
VALUE
7126.5
TEMA400
7099.1
TEMA100
7123.2
BB
0.59
COUNTER
2
BUY
False
SELL
True
TIME
16
VALUE
7126.0
TEMA400
7099.6
TEMA100
7124.3
BB
0.51
COUNTER
2
BUY
False
SELL
True
TIME
16
VALUE
7123.0
TEMA400
7099.7
TEMA100
7124.4
BB
0.16
COUNTER
2
BUY
False
SELL
True
TIME
16
VALUE
7122.5
TEMA400
7099.9
TEMA100
7124.7
BB
0.15
COUNTER
2
BUY
False
SELL
True
TIME
16
VALUE
7123.0
TEMA400
7099.9
TEMA100
7124.7
BB
0.2
COUNTER
2
BUY
False
SELL
True
TIME
16
VALUE
7124.0
TEMA400
7100.1
TEMA100
7125.1
BB
0.32
COUNTER
2
BUY
False
SELL
True
TIME
16
VALUE
7125.0
TEMA400
7100.3
TEMA100
7125.4
BB
0.44
COUNTER
2
BUY
False
SELL
True
TIME
16
VALUE
7122.5
TEMA400
7100.7
TEMA100
7125.9
BB
0.23
COUNTER
2
BUY
False
SELL
True
TIME
16
VALUE
7123.0
TEMA400
7100.8
TEMA100
7126.1
BB
0.25
COUNTER
2
BUY
False
SELL
True
TIME
16
VALUE
7123.0
TEMA400
7100.8
TEMA100
7126.1
BB
0.29
COUNTER
2
BUY
False
SELL
True
TIME
16
VALUE
7129.0
TEMA400
7101.4
TEMA100
7127.3
BB
0.92
COUNTER
2
BUY
False
SELL
True
TIME
16
VALUE
7128.0
TEMA400
7101.4
TEMA100
7127.2
BB
0.83
COUNTER
2
BUY
False
SELL
True
TIME
16
VALUE
7126.5
TEMA400
7101.8
TEMA100
7127.9
BB
0.63
COUNTER
2
BUY
False
SELL
True
TIME
16
VALUE
7126.5
TEMA400
7101.8
TEMA100
7127.9
BB
0.63
COUNTER
2
BUY
False
SELL
True
TIME
16
VALUE
7127.0
TEMA400
7102.0
TEMA100
7128.3
BB
0.67
COUNTER
2
BUY
False
SELL
True
TIME
16
VALUE
7127.0
TEMA400
7102.3
TEMA100
7128.6
BB
0.66
COUNTER
2
BUY
False
SELL
True
TIME
16
VALUE
7127.0
TEMA400
7102.5
TEMA100
7128.9
BB
0.65
COUNTER
2
BUY
False
SELL
True
TIME
17
VALUE
7127.0
TEMA400
7102.7
TEMA100
7129.2
BB
0.64
COUNTER
2
BUY
False
SELL
True
TIME
17
VALUE
7127.0
TEMA400
7103.2
TEMA100
7129.8
BB
0.68
COUNTER
2
BUY
False
SELL
True
TIME
17
VALUE
7126.5
TEMA400
7103.4
TEMA100
7130.0
BB
0.61
COUNTER
2
BUY
False
SELL
True
TIME
17
VALUE
7126.5
TEMA400
7103.6
TEMA100
7130.2
BB
0.61
COUNTER
2
BUY
False
SELL
True
TIME
17
VALUE
7126.5
TEMA400
7103.6
TEMA100
7130.2
BB
0.59
COUNTER
2
BUY
False
SELL
True
TIME
17
VALUE
7124.0
TEMA400
7103.9
TEMA100
7130.3
BB
0.27
COUNTER
2
BUY
False
SELL
True
TIME
17
VALUE
7124.0
TEMA400
7104.1
TEMA100
7130.3
BB
0.26
COUNTER
2
BUY
False
SELL
True
TIME
17
VALUE
7124.5
TEMA400
7104.3
TEMA100
7130.4
BB
0.32
COUNTER
2
BUY
False
SELL
True
TIME
17
VALUE
7130.5
TEMA400
7104.7
TEMA100
7131.1
BB
0.95
COUNTER
2
BUY
False
SELL
True
TIME
17
VALUE
7139.0
TEMA400
7105.2
TEMA100
7132.5
BB
1.17
COUNTER
2
BUY
False
SELL
True
TIME
17
VALUE
7142.0
TEMA400
7105.6
TEMA100
7133.6
BB
1.11
COUNTER
1
BUY
False
SELL
True
TIME
17
VALUE
7147.5
TEMA400
7106.2
TEMA100
7135.2
BB
1.09
COUNTER
0
BUY
False
SELL
True
TIME
17
VALUE
7141.5
TEMA400
7106.6
TEMA100
7135.7
BB
0.88
COUNTER
-1
BUY
False
SELL
True
TIME
17
VALUE
7145.5
TEMA400
7107.1
TEMA100
7136.9
BB
0.93
COUNTER
-1
BUY
False
SELL
True
TIME
17
VALUE
7147.0
TEMA400
7107.6
TEMA100
7138.1
BB
0.91
COUNTER
-1
BUY
False
SELL
True
TIME
17
VALUE
7147.0
TEMA400
7108.1
TEMA100
7139.1
BB
0.86
COUNTER
-1
BUY
False
SELL
True
TIME
17
VALUE
7146.5
TEMA400
7108.5
TEMA100
7140.0
BB
0.81
COUNTER
-1
BUY
False
SELL
True
TIME
17
VALUE
7144.0
TEMA400
7108.5
TEMA100
7139.9
BB
0.75
COUNTER
-1
BUY
False
SELL
True
TIME
17
VALUE
7146.0
TEMA400
7109.4
TEMA100
7141.6
BB
0.75
COUNTER
-1
BUY
False
SELL
True
TIME
17
VALUE
7146.5
TEMA400
7109.9
TEMA100
7142.4
BB
0.74
COUNTER
-1
BUY
False
SELL
True
TIME
17
VALUE
7147.0
TEMA400
7110.3
TEMA100
7143.3
BB
0.73
COUNTER
-1
BUY
False
SELL
True
TIME
17
VALUE
7147.0
TEMA400
7110.3
TEMA100
7143.3
BB
0.73
COUNTER
-1
BUY
False
SELL
True
TIME
17
VALUE
7149.0
TEMA400
7111.3
TEMA100
7145.0
BB
0.73
COUNTER
-1
BUY
False
SELL
True
TIME
17
VALUE
7148.5
TEMA400
7111.8
TEMA100
7145.8
BB
0.7
COUNTER
-1
BUY
False
SELL
True
TIME
17
VALUE
7148.5
TEMA400
7112.3
TEMA100
7146.6
BB
0.68
COUNTER
-1
BUY
False
SELL
True
TIME
17
VALUE
7157.5
TEMA400
7113.0
TEMA100
7148.3
BB
0.91
COUNTER
-1
BUY
False
SELL
True
TIME
17
VALUE
7163.5
TEMA400
7113.8
TEMA100
7150.1
BB
1.05
COUNTER
-1
BUY
False
SELL
True
TIME
17
VALUE
7163.0
TEMA400
7114.4
TEMA100
7151.5
BB
1.01
COUNTER
-2
BUY
False
SELL
True
TIME
17
VALUE
7166.5
TEMA400
7115.2
TEMA100
7153.2
BB
1.01
COUNTER
-3
BUY
False
SELL
True
TIME
17
VALUE
7163.0
TEMA400
7115.8
TEMA100
7154.2
BB
0.88
COUNTER
-4
BUY
False
SELL
True
TIME
17
VALUE
7158.5
TEMA400
7116.3
TEMA100
7154.9
BB
0.72
COUNTER
-4
BUY
False
SELL
True
TIME
17
VALUE
7159.0
TEMA400
7116.9
TEMA100
7155.9
BB
0.72
COUNTER
-4
BUY
False
SELL
True
TIME
17
VALUE
7158.5
TEMA400
7117.4
TEMA100
7156.8
BB
0.68
COUNTER
-4
BUY
False
SELL
True
TIME
17
VALUE
7161.5
TEMA400
7118.1
TEMA100
7157.9
BB
0.75
COUNTER
-4
BUY
False
SELL
True
TIME
17
VALUE
7165.0
TEMA400
7118.8
TEMA100
7159.2
BB
0.82
COUNTER
-4
BUY
False
SELL
True
TIME
17
VALUE
7164.5
TEMA400
7119.4
TEMA100
7160.3
BB
0.77
COUNTER
-4
BUY
False
SELL
True
TIME
17
VALUE
7162.0
TEMA400
7119.4
TEMA100
7160.1
BB
0.7
COUNTER
-4
BUY
False
SELL
True
TIME
17
VALUE
7165.0
TEMA400
7120.0
TEMA100
7161.1
BB
0.77
COUNTER
-4
BUY
False
SELL
True
TIME
17
VALUE
7162.0
TEMA400
7120.6
TEMA100
7161.9
BB
0.65
COUNTER
-4
BUY
False
SELL
True
TIME
17
VALUE
7162.0
TEMA400
7121.8
TEMA100
7163.4
BB
0.61
COUNTER
-4
BUY
False
SELL
True
TIME
17
VALUE
7165.0
TEMA400
7122.5
TEMA100
7164.5
BB
0.71
COUNTER
-4
BUY
False
SELL
True
TIME
17
VALUE
7169.0
TEMA400
7123.2
TEMA100
7165.7
BB
0.86
COUNTER
-4
BUY
False
SELL
True
TIME
17
VALUE
7170.0
TEMA400
7123.9
TEMA100
7166.8
BB
0.9
COUNTER
-4
BUY
False
SELL
True
TIME
17
VALUE
7165.5
TEMA400
7124.4
TEMA100
7167.2
BB
0.68
COUNTER
-4
BUY
False
SELL
True
TIME
17
VALUE
7165.0
TEMA400
7125.0
TEMA100
7167.9
BB
0.62
COUNTER
-4
BUY
False
SELL
True
TIME
17
VALUE
7165.0
TEMA400
7125.6
TEMA100
7168.5
BB
0.61
COUNTER
-4
BUY
False
SELL
True
TIME
17
VALUE
7165.0
TEMA400
7126.2
TEMA100
7169.1
BB
0.6
COUNTER
-4
BUY
False
SELL
True
TIME
17
VALUE
7160.0
TEMA400
7126.6
TEMA100
7169.1
BB
0.22
COUNTER
-4
BUY
False
SELL
True
TIME
17
VALUE
7159.5
TEMA400
7127.1
TEMA100
7169.3
BB
0.21
COUNTER
-4
BUY
False
SELL
True
TIME
17
VALUE
7160.0
TEMA400
7127.1
TEMA100
7169.3
BB
0.25
COUNTER
-4
BUY
False
SELL
True
TIME
17
VALUE
7157.5
TEMA400
7128.0
TEMA100
7169.5
BB
0.09
COUNTER
-4
BUY
False
SELL
True
TIME
17
VALUE
7157.5
TEMA400
7128.0
TEMA100
7169.5
BB
0.09
COUNTER
-4
BUY
False
SELL
True
TIME
17
VALUE
7158.0
TEMA400
7128.9
TEMA100
7169.6
BB
0.17
COUNTER
-4
BUY
False
SELL
True
TIME
17
VALUE
7158.0
TEMA400
7128.9
TEMA100
7169.6
BB
0.17
COUNTER
-4
BUY
False
SELL
True
TIME
17
VALUE
7158.0
TEMA400
7129.8
TEMA100
7169.7
BB
0.23
COUNTER
-4
BUY
False
SELL
True
TIME
17
VALUE
7157.5
TEMA400
7130.2
TEMA100
7169.7
BB
0.22
COUNTER
-4
BUY
False
SELL
True
TIME
17
VALUE
7159.0
TEMA400
7130.7
TEMA100
7169.9
BB
0.33
COUNTER
-4
BUY
False
SELL
True
TIME
17
VALUE
7159.5
TEMA400
7130.7
TEMA100
7169.9
BB
0.36
COUNTER
-4
BUY
False
SELL
True
TIME
17
VALUE
7159.0
TEMA400
7131.6
TEMA100
7170.1
BB
0.34
COUNTER
-4
BUY
False
SELL
True
TIME
17
VALUE
7159.0
TEMA400
7131.6
TEMA100
7170.1
BB
0.34
COUNTER
-4
BUY
False
SELL
True
TIME
18
VALUE
7166.5
TEMA400
7132.2
TEMA100
7170.5
BB
0.82
COUNTER
-4
BUY
False
SELL
True
TIME
18
VALUE
7166.5
TEMA400
7132.7
TEMA100
7171.0
BB
0.84
COUNTER
-4
BUY
False
SELL
True
TIME
18
VALUE
7168.5
TEMA400
7133.3
TEMA100
7171.5
BB
0.99
COUNTER
-4
BUY
False
SELL
True
TIME
18
VALUE
7168.0
TEMA400
7134.4
TEMA100
7172.5
BB
0.9
COUNTER
-4
BUY
False
SELL
True
TIME
18
VALUE
7168.0
TEMA400
7134.4
TEMA100
7172.5
BB
0.9
COUNTER
-4
BUY
False
SELL
True
TIME
18
VALUE
7168.0
TEMA400
7135.4
TEMA100
7173.3
BB
0.85
COUNTER
-4
BUY
False
SELL
True
TIME
18
VALUE
7168.5
TEMA400
7135.5
TEMA100
7173.3
BB
0.87
COUNTER
-4
BUY
False
SELL
True
TIME
18
VALUE
7168.5
TEMA400
7136.0
TEMA100
7173.7
BB
0.83
COUNTER
-4
BUY
False
SELL
True
TIME
18
VALUE
7168.5
TEMA400
7137.0
TEMA100
7174.4
BB
0.78
COUNTER
-4
BUY
False
SELL
True
TIME
18
VALUE
7168.5
TEMA400
7137.0
TEMA100
7174.4
BB
0.78
COUNTER
-4
BUY
False
SELL
True
TIME
18
VALUE
7163.0
TEMA400
7138.0
TEMA100
7174.5
BB
0.45
COUNTER
-4
BUY
False
SELL
True
TIME
18
VALUE
7163.0
TEMA400
7138.4
TEMA100
7174.5
BB
0.43
COUNTER
-4
BUY
False
SELL
True
TIME
18
VALUE
7161.0
TEMA400
7138.8
TEMA100
7174.2
BB
0.31
COUNTER
-4
BUY
False
SELL
True
TIME
18
VALUE
7161.0
TEMA400
7139.2
TEMA100
7174.1
BB
0.29
COUNTER
-4
BUY
False
SELL
True
TIME
18
VALUE
7158.0
TEMA400
7139.1
TEMA100
7173.9
BB
0.13
COUNTER
-4
BUY
False
SELL
True
TIME
18
VALUE
7157.5
TEMA400
7139.8
TEMA100
7173.2
BB
0.12
COUNTER
-4
BUY
False
SELL
True
TIME
18
VALUE
7157.5
TEMA400
7139.8
TEMA100
7173.2
BB
0.12
COUNTER
-4
BUY
False
SELL
True
TIME
18
VALUE
7158.0
TEMA400
7140.1
TEMA100
7172.9
BB
0.16
COUNTER
-4
BUY
False
SELL
True
TIME
18
VALUE
7158.0
TEMA400
7140.8
TEMA100
7172.2
BB
0.18
COUNTER
-4
BUY
False
SELL
True
TIME
18
VALUE
7157.5
TEMA400
7140.8
TEMA100
7172.2
BB
0.16
COUNTER
-4
BUY
False
SELL
True
TIME
18
VALUE
7157.5
TEMA400
7141.4
TEMA100
7171.5
BB
0.22
COUNTER
-4
BUY
False
SELL
True
TIME
18
VALUE
7152.0
TEMA400
7141.6
TEMA100
7170.6
BB
0.07
COUNTER
-4
BUY
False
SELL
True
TIME
18
VALUE
7152.0
TEMA400
7141.6
TEMA100
7170.6
BB
0.07
COUNTER
-4
BUY
False
SELL
True
TIME
18
VALUE
7151.5
TEMA400
7141.8
TEMA100
7170.0
BB
0.12
COUNTER
-4
BUY
False
SELL
True
TIME
18
VALUE
7151.5
TEMA400
7142.0
TEMA100
7169.3
BB
0.14
COUNTER
-4
BUY
False
SELL
True
TIME
18
VALUE
7151.5
TEMA400
7142.5
TEMA100
7168.2
BB
0.2
COUNTER
-4
BUY
False
SELL
True
TIME
18
VALUE
7157.5
TEMA400
7142.9
TEMA100
7168.3
BB
0.46
COUNTER
-4
BUY
False
SELL
True
TIME
18
VALUE
7158.5
TEMA400
7143.2
TEMA100
7168.1
BB
0.54
COUNTER
-4
BUY
False
SELL
True
TIME
18
VALUE
7158.0
TEMA400
7143.5
TEMA100
7167.9
BB
0.55
COUNTER
-4
BUY
False
SELL
True
TIME
18
VALUE
7158.5
TEMA400
7143.8
TEMA100
7167.7
BB
0.63
COUNTER
-4
BUY
False
SELL
True
TIME
18
VALUE
7155.0
TEMA400
7144.0
TEMA100
7167.1
BB
0.39
COUNTER
-4
BUY
False
SELL
True
TIME
18
VALUE
7155.5
TEMA400
7144.3
TEMA100
7166.8
BB
0.45
COUNTER
-4
BUY
False
SELL
True
TIME
18
VALUE
7154.5
TEMA400
7144.5
TEMA100
7166.4
BB
0.38
COUNTER
-4
BUY
False
SELL
True
TIME
18
VALUE
7154.5
TEMA400
7144.5
TEMA100
7166.4
BB
0.38
COUNTER
-4
BUY
False
SELL
True
TIME
18
VALUE
7154.0
TEMA400
7144.9
TEMA100
7165.6
BB
0.37
COUNTER
-4
BUY
False
SELL
True
TIME
18
VALUE
7154.0
TEMA400
7145.2
TEMA100
7165.2
BB
0.39
COUNTER
-4
BUY
False
SELL
True
TIME
18
VALUE
7158.5
TEMA400
7145.5
TEMA100
7165.3
BB
0.8
COUNTER
-4
BUY
False
SELL
True
TIME
18
VALUE
7158.0
TEMA400
7145.5
TEMA100
7165.3
BB
0.76
COUNTER
-4
BUY
False
SELL
True
TIME
18
VALUE
7158.5
TEMA400
7145.8
TEMA100
7165.2
BB
0.8
COUNTER
-4
BUY
False
SELL
True
TIME
18
VALUE
7158.0
TEMA400
7146.1
TEMA100
7165.0
BB
0.75
COUNTER
-4
BUY
False
SELL
True
TIME
18
VALUE
7158.0
TEMA400
7146.6
TEMA100
7164.7
BB
0.72
COUNTER
-4
BUY
False
SELL
True
TIME
18
VALUE
7158.5
TEMA400
7146.6
TEMA100
7164.7
BB
0.76
COUNTER
-4
BUY
False
SELL
True
TIME
18
VALUE
7158.0
TEMA400
7147.2
TEMA100
7164.4
BB
0.68
COUNTER
-4
BUY
False
SELL
True
TIME
18
VALUE
7158.0
TEMA400
7147.2
TEMA100
7164.4
BB
0.68
COUNTER
-4
BUY
False
SELL
True
TIME
18
VALUE
7158.0
TEMA400
7147.7
TEMA100
7164.1
BB
0.64
COUNTER
-4
BUY
False
SELL
True
TIME
18
VALUE
7158.0
TEMA400
7147.9
TEMA100
7164.0
BB
0.63
COUNTER
-4
BUY
False
SELL
True
TIME
18
VALUE
7158.5
TEMA400
7148.0
TEMA100
7164.1
BB
0.7
COUNTER
-4
BUY
False
SELL
True
TIME
18
VALUE
7158.5
TEMA400
7148.5
TEMA100
7163.8
BB
0.7
COUNTER
-4
BUY
False
SELL
True
TIME
18
VALUE
7158.0
TEMA400
7148.5
TEMA100
7163.8
BB
0.63
COUNTER
-4
BUY
False
SELL
True
TIME
18
VALUE
7157.0
TEMA400
7148.9
TEMA100
7163.4
BB
0.48
COUNTER
-4
BUY
False
SELL
True
TIME
18
VALUE
7155.0
TEMA400
7149.1
TEMA100
7163.0
BB
0.21
COUNTER
-4
BUY
False
SELL
True
TIME
18
VALUE
7152.5
TEMA400
7149.1
TEMA100
7162.8
BB
-0.06
COUNTER
-4
BUY
False
SELL
True
TIME
18
VALUE
7152.5
TEMA400
7149.4
TEMA100
7162.0
BB
0.03
COUNTER
-3
BUY
False
SELL
True
TIME
18
VALUE
7150.5
TEMA400
7149.3
TEMA100
7161.8
BB
-0.12
COUNTER
-3
BUY
False
SELL
True
TIME
18
VALUE
7151.0
TEMA400
7149.5
TEMA100
7161.3
BB
-0.01
COUNTER
-2
BUY
False
SELL
True
TIME
18
VALUE
7153.0
TEMA400
7149.8
TEMA100
7160.6
BB
0.23
COUNTER
-1
BUY
False
SELL
True
TIME
18
VALUE
7155.0
TEMA400
7149.8
TEMA100
7160.7
BB
0.39
COUNTER
-1
BUY
False
SELL
True
TIME
18
VALUE
7153.5
TEMA400
7150.0
TEMA100
7160.4
BB
0.28
COUNTER
-1
BUY
False
SELL
True
TIME
18
VALUE
7153.5
TEMA400
7150.3
TEMA100
7159.8
BB
0.32
COUNTER
-1
BUY
False
SELL
True
TIME
18
VALUE
7153.0
TEMA400
7150.5
TEMA100
7159.5
BB
0.3
COUNTER
-1
BUY
False
SELL
True
TIME
19
VALUE
7153.0
TEMA400
7150.5
TEMA100
7159.5
BB
0.3
COUNTER
-1
BUY
False
SELL
True
TIME
19
VALUE
7153.5
TEMA400
7150.6
TEMA100
7159.2
BB
0.36
COUNTER
-1
BUY
False
SELL
True
TIME
19
VALUE
7153.5
TEMA400
7150.9
TEMA100
7158.7
BB
0.4
COUNTER
-1
BUY
False
SELL
True
TIME
19
VALUE
7155.0
TEMA400
7151.0
TEMA100
7158.7
BB
0.54
COUNTER
-1
BUY
False
SELL
True
TIME
19
VALUE
7155.0
TEMA400
7151.1
TEMA100
7158.6
BB
0.55
COUNTER
-1
BUY
False
SELL
True
TIME
19
VALUE
7154.5
TEMA400
7151.5
TEMA100
7158.2
BB
0.55
COUNTER
-1
BUY
False
SELL
True
TIME
19
VALUE
7154.5
TEMA400
7151.5
TEMA100
7158.2
BB
0.55
COUNTER
-1
BUY
False
SELL
True
TIME
19
VALUE
7155.0
TEMA400
7151.6
TEMA100
7158.0
BB
0.66
COUNTER
-1
BUY
False
SELL
True
TIME
19
VALUE
7154.5
TEMA400
7151.8
TEMA100
7157.9
BB
0.63
COUNTER
-1
BUY
False
SELL
True
TIME
19
VALUE
7154.5
TEMA400
7152.0
TEMA100
7157.7
BB
0.67
COUNTER
-1
BUY
False
SELL
True
TIME
19
VALUE
7154.5
TEMA400
7152.3
TEMA100
7157.4
BB
0.66
COUNTER
-1
BUY
False
SELL
True
TIME
19
VALUE
7154.5
TEMA400
7152.4
TEMA100
7157.2
BB
0.65
COUNTER
-1
BUY
False
SELL
True
TIME
19
VALUE
7137.5
TEMA400
7152.1
TEMA100
7155.1
BB
-0.25
COUNTER
-1
BUY
False
SELL
True
TIME
19
VALUE
7135.5
TEMA400
7151.9
TEMA100
7153.8
BB
-0.12
COUNTER
0
BUY
False
SELL
True
TIME
19
VALUE
7135.5
TEMA400
7151.8
TEMA100
7152.7
BB
-0.02
COUNTER
1
BUY
False
SELL
True
TIME
19
VALUE
7136.0
TEMA400
7151.7
TEMA100
7151.7
BB
0.06
COUNTER
2
BUY
False
SELL
True
TIME
19
VALUE
7135.0
TEMA400
7151.7
TEMA100
7151.7
BB
0.09
COUNTER
2
BUY
False
SELL
True
TIME
19
VALUE
7140.5
TEMA400
7151.6
TEMA100
7150.9
BB
0.23
COUNTER
2
BUY
False
SELL
True
TIME
19
VALUE
7135.0
TEMA400
7151.4
TEMA100
7148.9
BB
0.16
COUNTER
2
BUY
True
SELL
True
TIME
19
VALUE
7135.0
TEMA400
7151.4
TEMA100
7148.9
BB
0.16
COUNTER
2
BUY
True
SELL
True
TIME
19
VALUE
7135.0
TEMA400
7151.1
TEMA100
7147.0
BB
0.22
COUNTER
2
BUY
True
SELL
True
TIME
19
VALUE
7135.0
TEMA400
7151.1
TEMA100
7147.0
BB
0.22
COUNTER
2
BUY
True
SELL
True
TIME
19
VALUE
7135.0
TEMA400
7151.0
TEMA100
7146.1
BB
0.25
COUNTER
2
BUY
True
SELL
True
TIME
19
VALUE
7137.0
TEMA400
7150.8
TEMA100
7144.7
BB
0.34
COUNTER
2
BUY
True
SELL
True
TIME
19
VALUE
7139.5
TEMA400
7150.8
TEMA100
7144.8
BB
0.41
COUNTER
2
BUY
True
SELL
True
TIME
19
VALUE
7139.5
TEMA400
7150.7
TEMA100
7143.8
BB
0.44
COUNTER
2
BUY
True
SELL
True
TIME
19
VALUE
7140.0
TEMA400
7150.7
TEMA100
7143.8
BB
0.46
COUNTER
2
BUY
True
SELL
True
TIME
19
VALUE
7139.5
TEMA400
7150.7
TEMA100
7143.3
BB
0.47
COUNTER
2
BUY
True
SELL
True
TIME
19
VALUE
7135.5
TEMA400
7150.4
TEMA100
7142.0
BB
0.36
COUNTER
2
BUY
True
SELL
True
TIME
19
VALUE
7136.0
TEMA400
7150.3
TEMA100
7141.3
BB
0.4
COUNTER
2
BUY
True
SELL
True
TIME
19
VALUE
7135.5
TEMA400
7150.2
TEMA100
7140.7
BB
0.34
COUNTER
2
BUY
True
SELL
True
TIME
19
VALUE
7135.5
TEMA400
7150.2
TEMA100
7140.7
BB
0.4
COUNTER
2
BUY
True
SELL
True
TIME
19
VALUE
7130.5
TEMA400
7149.8
TEMA100
7139.0
BB
-0.05
COUNTER
2
BUY
True
SELL
True
TIME
19
VALUE
7130.0
TEMA400
7149.6
TEMA100
7138.2
BB
0.01
COUNTER
3
BUY
True
SELL
True
TIME
19
VALUE
7130.0
TEMA400
7149.6
TEMA100
7138.2
BB
0.01
COUNTER
3
BUY
True
SELL
True
TIME
19
VALUE
7128.5
TEMA400
7149.2
TEMA100
7136.5
BB
0.05
COUNTER
3
BUY
True
SELL
True
TIME
19
VALUE
7127.0
TEMA400
7149.0
TEMA100
7135.4
BB
0.04
COUNTER
3
BUY
True
SELL
True
TIME
19
VALUE
7131.5
TEMA400
7148.9
TEMA100
7135.1
BB
0.3
COUNTER
3
BUY
True
SELL
True
TIME
19
VALUE
7132.0
TEMA400
7148.7
TEMA100
7134.6
BB
0.35
COUNTER
3
BUY
True
SELL
True
TIME
19
VALUE
7132.0
TEMA400
7148.7
TEMA100
7134.6
BB
0.35
COUNTER
3
BUY
True
SELL
True
TIME
19
VALUE
7137.0
TEMA400
7148.6
TEMA100
7134.2
BB
0.66
COUNTER
3
BUY
True
SELL
True
TIME
19
VALUE
7139.5
TEMA400
7148.6
TEMA100
7134.2
BB
0.78
COUNTER
3
BUY
True
SELL
True
TIME
19
VALUE
7139.0
TEMA400
7148.5
TEMA100
7134.1
BB
0.74
COUNTER
3
BUY
True
SELL
True
TIME
19
VALUE
7139.5
TEMA400
7148.5
TEMA100
7134.1
BB
0.76
COUNTER
3
BUY
True
SELL
True
TIME
19
VALUE
7141.0
TEMA400
7148.5
TEMA100
7134.2
BB
0.84
COUNTER
3
BUY
True
SELL
True
TIME
19
VALUE
7143.0
TEMA400
7148.5
TEMA100
7134.4
BB
0.93
COUNTER
3
BUY
True
SELL
True
TIME
19
VALUE
7143.5
TEMA400
7148.5
TEMA100
7134.6
BB
0.9
COUNTER
3
BUY
True
SELL
True
TIME
19
VALUE
7143.5
TEMA400
7148.6
TEMA100
7134.8
BB
0.86
COUNTER
3
BUY
True
SELL
True
TIME
19
VALUE
7143.5
TEMA400
7148.6
TEMA100
7134.8
BB
0.86
COUNTER
3
BUY
True
SELL
True
TIME
19
VALUE
7143.5
TEMA400
7148.6
TEMA100
7135.1
BB
0.8
COUNTER
3
BUY
True
SELL
True
TIME
19
VALUE
7143.5
TEMA400
7148.6
TEMA100
7135.3
BB
0.77
COUNTER
3
BUY
True
SELL
True
TIME
19
VALUE
7143.5
TEMA400
7148.6
TEMA100
7135.3
BB
0.77
COUNTER
3
BUY
True
SELL
True
TIME
19
VALUE
7143.5
TEMA400
7148.6
TEMA100
7135.5
BB
0.75
COUNTER
3
BUY
True
SELL
True
TIME
19
VALUE
7144.0
TEMA400
7148.7
TEMA100
7135.7
BB
0.74
COUNTER
3
BUY
True
SELL
True
TIME
19
VALUE
7144.0
TEMA400
7148.7
TEMA100
7135.8
BB
0.72
COUNTER
3
BUY
True
SELL
True
TIME
19
VALUE
7143.5
TEMA400
7148.7
TEMA100
7136.2
BB
0.67
COUNTER
3
BUY
True
SELL
True
TIME
19
VALUE
7144.0
TEMA400
7148.8
TEMA100
7136.4
BB
0.68
COUNTER
3
BUY
True
SELL
True
TIME
19
VALUE
7144.5
TEMA400
7148.8
TEMA100
7136.4
BB
0.71
COUNTER
3
BUY
True
SELL
True
TIME
19
VALUE
7145.0
TEMA400
7148.8
TEMA100
7136.9
BB
0.76
COUNTER
3
BUY
True
SELL
True
TIME
19
VALUE
7145.0
TEMA400
7148.8
TEMA100
7136.9
BB
0.76
COUNTER
3
BUY
True
SELL
True
TIME
20
VALUE
7144.5
TEMA400
7148.9
TEMA100
7137.1
BB
0.7
COUNTER
3
BUY
True
SELL
True
TIME
20
VALUE
7132.0
TEMA400
7148.5
TEMA100
7136.0
BB
-0.19
COUNTER
3
BUY
True
SELL
True
TIME
20
VALUE
7132.0
TEMA400
7148.4
TEMA100
7135.5
BB
-0.08
COUNTER
4
BUY
True
SELL
True
TIME
20
VALUE
7132.0
TEMA400
7148.4
TEMA100
7135.5
BB
-0.08
COUNTER
5
BUY
True
SELL
True
TIME
20
VALUE
7134.5
TEMA400
7148.2
TEMA100
7134.9
BB
0.15
COUNTER
6
BUY
True
SELL
True
TIME
20
VALUE
7136.5
TEMA400
7148.1
TEMA100
7134.8
BB
0.26
COUNTER
6
BUY
True
SELL
True
TIME
20
VALUE
7131.5
TEMA400
7148.0
TEMA100
7134.5
BB
0.04
COUNTER
6
BUY
True
SELL
True
TIME
20
VALUE
7132.0
TEMA400
7147.9
TEMA100
7134.1
BB
0.12
COUNTER
6
BUY
True
SELL
True
TIME
20
VALUE
7127.0
TEMA400
7147.4
TEMA100
7132.7
BB
0.06
COUNTER
6
BUY
True
SELL
True
TIME
20
VALUE
7127.0
TEMA400
7147.2
TEMA100
7132.1
BB
0.11
COUNTER
6
BUY
True
SELL
True
TIME
20
VALUE
7130.0
TEMA400
7147.1
TEMA100
7131.8
BB
0.24
COUNTER
6
BUY
True
SELL
True
TIME
20
VALUE
7130.0
TEMA400
7147.1
TEMA100
7131.8
BB
0.24
COUNTER
6
BUY
True
SELL
True
TIME
20
VALUE
7130.0
TEMA400
7146.7
TEMA100
7130.9
BB
0.29
COUNTER
6
BUY
True
SELL
True
TIME
20
VALUE
7130.0
TEMA400
7146.7
TEMA100
7130.9
BB
0.29
COUNTER
6
BUY
True
SELL
True
TIME
20
VALUE
7129.5
TEMA400
7146.4
TEMA100
7130.1
BB
0.31
COUNTER
6
BUY
True
SELL
True
TIME
20
VALUE
7132.5
TEMA400
7146.3
TEMA100
7130.1
BB
0.44
COUNTER
6
BUY
True
SELL
True
TIME
20
VALUE
7133.0
TEMA400
7146.3
TEMA100
7130.2
BB
0.46
COUNTER
6
BUY
True
SELL
True
TIME
20
VALUE
7133.0
TEMA400
7146.2
TEMA100
7130.0
BB
0.48
COUNTER
6
BUY
True
SELL
True
TIME
20
VALUE
7128.5
TEMA400
7145.8
TEMA100
7129.2
BB
0.29
COUNTER
6
BUY
True
SELL
True
TIME
20
VALUE
7131.5
TEMA400
7145.7
TEMA100
7129.2
BB
0.53
COUNTER
6
BUY
True
SELL
True
TIME
20
VALUE
7131.5
TEMA400
7145.6
TEMA100
7129.0
BB
0.53
COUNTER
6
BUY
True
SELL
True
TIME
20
VALUE
7132.0
TEMA400
7145.6
TEMA100
7129.1
BB
0.58
COUNTER
6
BUY
True
SELL
True
TIME
20
VALUE
7131.5
TEMA400
7145.5
TEMA100
7128.9
BB
0.53
COUNTER
6
BUY
True
SELL
True
TIME
20
VALUE
7129.5
TEMA400
7145.3
TEMA100
7128.6
BB
0.34
COUNTER
6
BUY
True
SELL
True
TIME
20
VALUE
7129.0
TEMA400
7145.0
TEMA100
7128.0
BB
0.31
COUNTER
6
BUY
True
SELL
True
TIME
20
VALUE
7129.0
TEMA400
7144.8
TEMA100
7127.7
BB
0.33
COUNTER
6
BUY
True
SELL
True
TIME
20
VALUE
7132.0
TEMA400
7144.8
TEMA100
7127.9
BB
0.71
COUNTER
6
BUY
True
SELL
True
TIME
20
VALUE
7135.0
TEMA400
7144.8
TEMA100
7128.0
BB
1.02
COUNTER
6
BUY
True
SELL
True
TIME
20
VALUE
7134.5
TEMA400
7144.6
TEMA100
7128.1
BB
0.89
COUNTER
5
BUY
True
SELL
True
TIME
20
VALUE
7134.5
TEMA400
7144.6
TEMA100
7128.1
BB
0.89
COUNTER
5
BUY
True
SELL
True
TIME
20
VALUE
7134.5
TEMA400
7144.4
TEMA100
7128.3
BB
0.81
COUNTER
5
BUY
True
SELL
True
TIME
20
VALUE
7135.0
TEMA400
7144.4
TEMA100
7128.3
BB
0.86
COUNTER
5
BUY
True
SELL
True
TIME
20
VALUE
7134.5
TEMA400
7144.4
TEMA100
7128.3
BB
0.77
COUNTER
5
BUY
True
SELL
True
TIME
20
VALUE
7134.5
TEMA400
7144.3
TEMA100
7128.4
BB
0.75
COUNTER
5
BUY
True
SELL
True
TIME
20
VALUE
7135.0
TEMA400
7144.2
TEMA100
7128.5
BB
0.78
COUNTER
5
BUY
True
SELL
True
TIME
20
VALUE
7136.5
TEMA400
7144.1
TEMA100
7128.9
BB
0.85
COUNTER
5
BUY
True
SELL
True
TIME
20
VALUE
7138.5
TEMA400
7144.1
TEMA100
7129.0
BB
1.01
COUNTER
5
BUY
True
SELL
True
TIME
20
VALUE
7138.5
TEMA400
7144.1
TEMA100
7129.5
BB
0.91
COUNTER
4
BUY
True
SELL
True
TIME
20
VALUE
7138.5
TEMA400
7144.1
TEMA100
7129.5
BB
0.91
COUNTER
4
BUY
True
SELL
True
TIME
20
VALUE
7141.5
TEMA400
7144.1
TEMA100
7130.3
BB
0.99
COUNTER
4
BUY
True
SELL
True
TIME
20
VALUE
7141.5
TEMA400
7144.1
TEMA100
7130.7
BB
0.93
COUNTER
4
BUY
True
SELL
True
TIME
20
VALUE
7141.5
TEMA400
7144.1
TEMA100
7130.7
BB
0.93
COUNTER
4
BUY
True
SELL
True
TIME
20
VALUE
7141.5
TEMA400
7144.2
TEMA100
7131.1
BB
0.85
COUNTER
4
BUY
True
SELL
True
TIME
20
VALUE
7143.5
TEMA400
7144.3
TEMA100
7132.2
BB
0.92
COUNTER
4
BUY
True
SELL
True
TIME
20
VALUE
7144.0
TEMA400
7144.3
TEMA100
7132.7
BB
0.93
COUNTER
4
BUY
True
SELL
True
TIME
20
VALUE
7143.5
TEMA400
7144.4
TEMA100
7133.1
BB
0.87
COUNTER
4
BUY
True
SELL
True
TIME
20
VALUE
7143.5
TEMA400
7144.4
TEMA100
7133.1
BB
0.87
COUNTER
4
BUY
True
SELL
True
TIME
20
VALUE
7143.5
TEMA400
7144.4
TEMA100
7133.5
BB
0.83
COUNTER
4
BUY
True
SELL
True
TIME
20
VALUE
7144.0
TEMA400
7144.5
TEMA100
7134.0
BB
0.83
COUNTER
4
BUY
True
SELL
True
TIME
20
VALUE
7143.5
TEMA400
7144.5
TEMA100
7134.4
BB
0.77
COUNTER
4
BUY
True
SELL
True
TIME
20
VALUE
7143.5
TEMA400
7144.6
TEMA100
7135.2
BB
0.72
COUNTER
4
BUY
True
SELL
True
TIME
20
VALUE
7144.0
TEMA400
7144.6
TEMA100
7135.2
BB
0.76
COUNTER
4
BUY
True
SELL
True
TIME
20
VALUE
7144.0
TEMA400
7144.7
TEMA100
7136.0
BB
0.72
COUNTER
4
BUY
True
SELL
True
TIME
20
VALUE
7149.5
TEMA400
7145.0
TEMA100
7137.1
BB
1.03
COUNTER
4
BUY
True
SELL
True
TIME
20
VALUE
7152.0
TEMA400
7145.2
TEMA100
7138.0
BB
1.07
COUNTER
3
BUY
True
SELL
True
TIME
20
VALUE
7153.0
TEMA400
7145.4
TEMA100
7138.8
BB
1.03
COUNTER
2
BUY
True
SELL
True
TIME
20
VALUE
7148.0
TEMA400
7145.4
TEMA100
7139.1
BB
0.74
COUNTER
1
BUY
True
SELL
True
TIME
20
VALUE
7147.5
TEMA400
7145.4
TEMA100
7139.0
BB
0.71
COUNTER
1
BUY
True
SELL
True
TIME
20
VALUE
7147.5
TEMA400
7145.5
TEMA100
7139.5
BB
0.69
COUNTER
1
BUY
True
SELL
True
TIME
20
VALUE
7147.5
TEMA400
7145.6
TEMA100
7139.9
BB
0.67
COUNTER
1
BUY
True
SELL
True
TIME
21
VALUE
7144.0
TEMA400
7145.6
TEMA100
7140.2
BB
0.39
COUNTER
1
BUY
True
SELL
True
TIME
21
VALUE
7148.0
TEMA400
7145.8
TEMA100
7141.1
BB
0.67
COUNTER
1
BUY
True
SELL
True
TIME
21
VALUE
7151.0
TEMA400
7146.0
TEMA100
7141.8
BB
0.85
COUNTER
1
BUY
True
SELL
True
TIME
21
VALUE
7152.0
TEMA400
7146.2
TEMA100
7142.5
BB
0.87
COUNTER
1
BUY
True
SELL
True
TIME
21
VALUE
7152.0
TEMA400
7146.2
TEMA100
7142.5
BB
0.87
COUNTER
1
BUY
True
SELL
True
TIME
21
VALUE
7153.5
TEMA400
7146.6
TEMA100
7143.8
BB
0.87
COUNTER
1
BUY
True
SELL
True
TIME
21
VALUE
7154.0
TEMA400
7146.6
TEMA100
7143.9
BB
0.9
COUNTER
1
BUY
True
SELL
True
TIME
21
VALUE
7154.0
TEMA400
7146.8
TEMA100
7144.5
BB
0.86
COUNTER
1
BUY
True
SELL
True
TIME
21
VALUE
7154.0
TEMA400
7146.9
TEMA100
7145.1
BB
0.82
COUNTER
1
BUY
True
SELL
True
TIME
21
VALUE
7156.0
TEMA400
7147.4
TEMA100
7146.6
BB
0.87
COUNTER
1
BUY
True
SELL
True
TIME
21
VALUE
7156.0
TEMA400
7147.6
TEMA100
7147.2
BB
0.84
COUNTER
1
BUY
True
SELL
True
TIME
21
VALUE
7156.5
TEMA400
7147.6
TEMA100
7147.3
BB
0.87
COUNTER
1
BUY
True
SELL
True
TIME
21
VALUE
7156.0
TEMA400
7148.0
TEMA100
7148.5
BB
0.78
COUNTER
1
BUY
True
SELL
True
TIME
21
VALUE
7167.5
TEMA400
7148.5
TEMA100
7150.4
BB
1.09
COUNTER
1
BUY
True
SELL
True
TIME
21
VALUE
7167.0
TEMA400
7148.9
TEMA100
7151.6
BB
0.99
COUNTER
0
BUY
True
SELL
True
TIME
21
VALUE
7170.5
TEMA400
7149.3
TEMA100
7153.1
BB
0.99
COUNTER
0
BUY
True
SELL
True
TIME
21
VALUE
7172.0
TEMA400
7149.4
TEMA100
7153.2
BB
1.02
COUNTER
0
BUY
True
SELL
True
TIME
21
VALUE
7174.5
TEMA400
7149.8
TEMA100
7154.7
BB
1.01
COUNTER
-1
BUY
True
SELL
True
TIME
21
VALUE
7174.5
TEMA400
7150.3
TEMA100
7156.1
BB
0.94
COUNTER
-2
BUY
True
SELL
True
